<?xml version="1.0" encoding="UTF-8"?>
<coverage generated="1649319790228" clover="3.2.0">
  <project timestamp="1649319790228" name="All files">
    <metrics statements="0" coveredstatements="0" conditionals="0" coveredconditionals="0" methods="0" coveredmethods="0" elements="0" coveredelements="0" complexity="0" loc="0" ncloc="0" packages="82" files="144" classes="144"/>
    <package name="frontend">
      <metrics statements="0" coveredstatements="0" conditionals="0" coveredconditionals="0" methods="0" coveredmethods="0"/>
      <file name="karma.conf.js" path="/home/adrienpajot/Documents/geonature/frontend/karma.conf.js">
        <metrics statements="0" coveredstatements="0" conditionals="0" coveredconditionals="0" methods="0" coveredmethods="0"/>
      </file>
      <file name="protractor.conf.js" path="/home/adrienpajot/Documents/geonature/frontend/protractor.conf.js">
        <metrics statements="0" coveredstatements="0" conditionals="0" coveredconditionals="0" methods="0" coveredmethods="0"/>
      </file>
      <file name="webpack.config.js" path="/home/adrienpajot/Documents/geonature/frontend/webpack.config.js">
        <metrics statements="0" coveredstatements="0" conditionals="0" coveredconditionals="0" methods="0" coveredmethods="0"/>
      </file>
    </package>
    <package name="frontend.e2e">
      <metrics statements="0" coveredstatements="0" conditionals="0" coveredconditionals="0" methods="0" coveredmethods="0"/>
      <file name="app.e2e-spec.ts" path="/home/adrienpajot/Documents/geonature/frontend/e2e/app.e2e-spec.ts">
        <metrics statements="0" coveredstatements="0" conditionals="0" coveredconditionals="0" methods="0" coveredmethods="0"/>
      </file>
      <file name="app.po.ts" path="/home/adrienpajot/Documents/geonature/frontend/e2e/app.po.ts">
        <metrics statements="0" coveredstatements="0" conditionals="0" coveredconditionals="0" methods="0" coveredmethods="0"/>
      </file>
    </package>
    <package name="frontend.src">
      <metrics statements="0" coveredstatements="0" conditionals="0" coveredconditionals="0" methods="0" coveredmethods="0"/>
      <file name="main.ts" path="/home/adrienpajot/Documents/geonature/frontend/src/main.ts">
        <metrics statements="0" coveredstatements="0" conditionals="0" coveredconditionals="0" methods="0" coveredmethods="0"/>
      </file>
      <file name="polyfills.ts" path="/home/adrienpajot/Documents/geonature/frontend/src/polyfills.ts">
        <metrics statements="0" coveredstatements="0" conditionals="0" coveredconditionals="0" methods="0" coveredmethods="0"/>
      </file>
      <file name="test.ts" path="/home/adrienpajot/Documents/geonature/frontend/src/test.ts">
        <metrics statements="0" coveredstatements="0" conditionals="0" coveredconditionals="0" methods="0" coveredmethods="0"/>
      </file>
      <file name="typings.d.ts" path="/home/adrienpajot/Documents/geonature/frontend/src/typings.d.ts">
        <metrics statements="0" coveredstatements="0" conditionals="0" coveredconditionals="0" methods="0" coveredmethods="0"/>
      </file>
      <file name="webpack.config.js" path="/home/adrienpajot/Documents/geonature/frontend/src/webpack.config.js">
        <metrics statements="0" coveredstatements="0" conditionals="0" coveredconditionals="0" methods="0" coveredmethods="0"/>
      </file>
    </package>
    <package name="frontend.src.app">
      <metrics statements="0" coveredstatements="0" conditionals="0" coveredconditionals="0" methods="0" coveredmethods="0"/>
      <file name="app.component.ts" path="/home/adrienpajot/Documents/geonature/frontend/src/app/app.component.ts">
        <metrics statements="0" coveredstatements="0" conditionals="0" coveredconditionals="0" methods="0" coveredmethods="0"/>
      </file>
      <file name="app.module.ts" path="/home/adrienpajot/Documents/geonature/frontend/src/app/app.module.ts">
        <metrics statements="0" coveredstatements="0" conditionals="0" coveredconditionals="0" methods="0" coveredmethods="0"/>
      </file>
    </package>
    <package name="frontend.src.app.GN2CommonModule">
      <metrics statements="0" coveredstatements="0" conditionals="0" coveredconditionals="0" methods="0" coveredmethods="0"/>
      <file name="GN2Common.module.ts" path="/home/adrienpajot/Documents/geonature/frontend/src/app/GN2CommonModule/GN2Common.module.ts">
        <metrics statements="0" coveredstatements="0" conditionals="0" coveredconditionals="0" methods="0" coveredmethods="0"/>
      </file>
      <file name="interfaces.ts" path="/home/adrienpajot/Documents/geonature/frontend/src/app/GN2CommonModule/interfaces.ts">
        <metrics statements="0" coveredstatements="0" conditionals="0" coveredconditionals="0" methods="0" coveredmethods="0"/>
      </file>
    </package>
    <package name="frontend.src.app.GN2CommonModule.directive">
      <metrics statements="0" coveredstatements="0" conditionals="0" coveredconditionals="0" methods="0" coveredmethods="0"/>
      <file name="display-mouse-over.directive.ts" path="/home/adrienpajot/Documents/geonature/frontend/src/app/GN2CommonModule/directive/display-mouse-over.directive.ts">
        <metrics statements="0" coveredstatements="0" conditionals="0" coveredconditionals="0" methods="0" coveredmethods="0"/>
      </file>
    </package>
    <package name="frontend.src.app.GN2CommonModule.form">
      <metrics statements="0" coveredstatements="0" conditionals="0" coveredconditionals="0" methods="0" coveredmethods="0"/>
      <file name="data-form.service.ts" path="/home/adrienpajot/Documents/geonature/frontend/src/app/GN2CommonModule/form/data-form.service.ts">
        <metrics statements="0" coveredstatements="0" conditionals="0" coveredconditionals="0" methods="0" coveredmethods="0"/>
      </file>
      <file name="disable-control.directive.ts" path="/home/adrienpajot/Documents/geonature/frontend/src/app/GN2CommonModule/form/disable-control.directive.ts">
        <metrics statements="0" coveredstatements="0" conditionals="0" coveredconditionals="0" methods="0" coveredmethods="0"/>
      </file>
      <file name="form.service.ts" path="/home/adrienpajot/Documents/geonature/frontend/src/app/GN2CommonModule/form/form.service.ts">
        <metrics statements="0" coveredstatements="0" conditionals="0" coveredconditionals="0" methods="0" coveredmethods="0"/>
      </file>
      <file name="genericForm.component.ts" path="/home/adrienpajot/Documents/geonature/frontend/src/app/GN2CommonModule/form/genericForm.component.ts">
        <metrics statements="0" coveredstatements="0" conditionals="0" coveredconditionals="0" methods="0" coveredmethods="0"/>
      </file>
    </package>
    <package name="frontend.src.app.GN2CommonModule.form.acquisition-frameworks">
      <metrics statements="0" coveredstatements="0" conditionals="0" coveredconditionals="0" methods="0" coveredmethods="0"/>
      <file name="acquisition-frameworks.component.ts" path="/home/adrienpajot/Documents/geonature/frontend/src/app/GN2CommonModule/form/acquisition-frameworks/acquisition-frameworks.component.ts">
        <metrics statements="0" coveredstatements="0" conditionals="0" coveredconditionals="0" methods="0" coveredmethods="0"/>
      </file>
    </package>
    <package name="frontend.src.app.GN2CommonModule.form.areas">
      <metrics statements="0" coveredstatements="0" conditionals="0" coveredconditionals="0" methods="0" coveredmethods="0"/>
      <file name="areas.component.ts" path="/home/adrienpajot/Documents/geonature/frontend/src/app/GN2CommonModule/form/areas/areas.component.ts">
        <metrics statements="0" coveredstatements="0" conditionals="0" coveredconditionals="0" methods="0" coveredmethods="0"/>
      </file>
    </package>
    <package name="frontend.src.app.GN2CommonModule.form.areas-intersected">
      <metrics statements="0" coveredstatements="0" conditionals="0" coveredconditionals="0" methods="0" coveredmethods="0"/>
      <file name="areas-intersected-modal.component.ts" path="/home/adrienpajot/Documents/geonature/frontend/src/app/GN2CommonModule/form/areas-intersected/areas-intersected-modal.component.ts">
        <metrics statements="0" coveredstatements="0" conditionals="0" coveredconditionals="0" methods="0" coveredmethods="0"/>
      </file>
    </package>
    <package name="frontend.src.app.GN2CommonModule.form.autocomplete">
      <metrics statements="0" coveredstatements="0" conditionals="0" coveredconditionals="0" methods="0" coveredmethods="0"/>
      <file name="autocomplete.component.ts" path="/home/adrienpajot/Documents/geonature/frontend/src/app/GN2CommonModule/form/autocomplete/autocomplete.component.ts">
        <metrics statements="0" coveredstatements="0" conditionals="0" coveredconditionals="0" methods="0" coveredmethods="0"/>
      </file>
    </package>
    <package name="frontend.src.app.GN2CommonModule.form.datalist">
      <metrics statements="0" coveredstatements="0" conditionals="0" coveredconditionals="0" methods="0" coveredmethods="0"/>
      <file name="datalist.component.ts" path="/home/adrienpajot/Documents/geonature/frontend/src/app/GN2CommonModule/form/datalist/datalist.component.ts">
        <metrics statements="0" coveredstatements="0" conditionals="0" coveredconditionals="0" methods="0" coveredmethods="0"/>
      </file>
    </package>
    <package name="frontend.src.app.GN2CommonModule.form.datasets">
      <metrics statements="0" coveredstatements="0" conditionals="0" coveredconditionals="0" methods="0" coveredmethods="0"/>
      <file name="dataset.service.ts" path="/home/adrienpajot/Documents/geonature/frontend/src/app/GN2CommonModule/form/datasets/dataset.service.ts">
        <metrics statements="0" coveredstatements="0" conditionals="0" coveredconditionals="0" methods="0" coveredmethods="0"/>
      </file>
      <file name="datasets.component.ts" path="/home/adrienpajot/Documents/geonature/frontend/src/app/GN2CommonModule/form/datasets/datasets.component.ts">
        <metrics statements="0" coveredstatements="0" conditionals="0" coveredconditionals="0" methods="0" coveredmethods="0"/>
      </file>
    </package>
    <package name="frontend.src.app.GN2CommonModule.form.date">
      <metrics statements="0" coveredstatements="0" conditionals="0" coveredconditionals="0" methods="0" coveredmethods="0"/>
      <file name="date.component.ts" path="/home/adrienpajot/Documents/geonature/frontend/src/app/GN2CommonModule/form/date/date.component.ts">
        <metrics statements="0" coveredstatements="0" conditionals="0" coveredconditionals="0" methods="0" coveredmethods="0"/>
      </file>
      <file name="ngb-date-custom-parser-formatter.ts" path="/home/adrienpajot/Documents/geonature/frontend/src/app/GN2CommonModule/form/date/ngb-date-custom-parser-formatter.ts">
        <metrics statements="0" coveredstatements="0" conditionals="0" coveredconditionals="0" methods="0" coveredmethods="0"/>
      </file>
      <file name="period.component.ts" path="/home/adrienpajot/Documents/geonature/frontend/src/app/GN2CommonModule/form/date/period.component.ts">
        <metrics statements="0" coveredstatements="0" conditionals="0" coveredconditionals="0" methods="0" coveredmethods="0"/>
      </file>
    </package>
    <package name="frontend.src.app.GN2CommonModule.form.dumb-select">
      <metrics statements="0" coveredstatements="0" conditionals="0" coveredconditionals="0" methods="0" coveredmethods="0"/>
      <file name="dumb-select.component.ts" path="/home/adrienpajot/Documents/geonature/frontend/src/app/GN2CommonModule/form/dumb-select/dumb-select.component.ts">
        <metrics statements="0" coveredstatements="0" conditionals="0" coveredconditionals="0" methods="0" coveredmethods="0"/>
      </file>
    </package>
    <package name="frontend.src.app.GN2CommonModule.form.dynamic-form">
      <metrics statements="0" coveredstatements="0" conditionals="0" coveredconditionals="0" methods="0" coveredmethods="0"/>
      <file name="dynamic-form.component.ts" path="/home/adrienpajot/Documents/geonature/frontend/src/app/GN2CommonModule/form/dynamic-form/dynamic-form.component.ts">
        <metrics statements="0" coveredstatements="0" conditionals="0" coveredconditionals="0" methods="0" coveredmethods="0"/>
      </file>
    </package>
    <package name="frontend.src.app.GN2CommonModule.form.dynamic-form-generator">
      <metrics statements="0" coveredstatements="0" conditionals="0" coveredconditionals="0" methods="0" coveredmethods="0"/>
      <file name="dynamic-form-generator.component.ts" path="/home/adrienpajot/Documents/geonature/frontend/src/app/GN2CommonModule/form/dynamic-form-generator/dynamic-form-generator.component.ts">
        <metrics statements="0" coveredstatements="0" conditionals="0" coveredconditionals="0" methods="0" coveredmethods="0"/>
      </file>
      <file name="dynamic-form.service.ts" path="/home/adrienpajot/Documents/geonature/frontend/src/app/GN2CommonModule/form/dynamic-form-generator/dynamic-form.service.ts">
        <metrics statements="0" coveredstatements="0" conditionals="0" coveredconditionals="0" methods="0" coveredmethods="0"/>
      </file>
    </package>
    <package name="frontend.src.app.GN2CommonModule.form.geometry-form">
      <metrics statements="0" coveredstatements="0" conditionals="0" coveredconditionals="0" methods="0" coveredmethods="0"/>
      <file name="geometry-form.component.ts" path="/home/adrienpajot/Documents/geonature/frontend/src/app/GN2CommonModule/form/geometry-form/geometry-form.component.ts">
        <metrics statements="0" coveredstatements="0" conditionals="0" coveredconditionals="0" methods="0" coveredmethods="0"/>
      </file>
      <file name="leaflet-draw.options.ts" path="/home/adrienpajot/Documents/geonature/frontend/src/app/GN2CommonModule/form/geometry-form/leaflet-draw.options.ts">
        <metrics statements="0" coveredstatements="0" conditionals="0" coveredconditionals="0" methods="0" coveredmethods="0"/>
      </file>
    </package>
    <package name="frontend.src.app.GN2CommonModule.form.media">
      <metrics statements="0" coveredstatements="0" conditionals="0" coveredconditionals="0" methods="0" coveredmethods="0"/>
      <file name="display-medias.component.ts" path="/home/adrienpajot/Documents/geonature/frontend/src/app/GN2CommonModule/form/media/display-medias.component.ts">
        <metrics statements="0" coveredstatements="0" conditionals="0" coveredconditionals="0" methods="0" coveredmethods="0"/>
      </file>
      <file name="media-dialog.component.ts" path="/home/adrienpajot/Documents/geonature/frontend/src/app/GN2CommonModule/form/media/media-dialog.component.ts">
        <metrics statements="0" coveredstatements="0" conditionals="0" coveredconditionals="0" methods="0" coveredmethods="0"/>
      </file>
      <file name="media-form-definition.ts" path="/home/adrienpajot/Documents/geonature/frontend/src/app/GN2CommonModule/form/media/media-form-definition.ts">
        <metrics statements="0" coveredstatements="0" conditionals="0" coveredconditionals="0" methods="0" coveredmethods="0"/>
      </file>
      <file name="media.component.ts" path="/home/adrienpajot/Documents/geonature/frontend/src/app/GN2CommonModule/form/media/media.component.ts">
        <metrics statements="0" coveredstatements="0" conditionals="0" coveredconditionals="0" methods="0" coveredmethods="0"/>
      </file>
      <file name="media.ts" path="/home/adrienpajot/Documents/geonature/frontend/src/app/GN2CommonModule/form/media/media.ts">
        <metrics statements="0" coveredstatements="0" conditionals="0" coveredconditionals="0" methods="0" coveredmethods="0"/>
      </file>
      <file name="medias-test.component.ts" path="/home/adrienpajot/Documents/geonature/frontend/src/app/GN2CommonModule/form/media/medias-test.component.ts">
        <metrics statements="0" coveredstatements="0" conditionals="0" coveredconditionals="0" methods="0" coveredmethods="0"/>
      </file>
      <file name="medias.component.ts" path="/home/adrienpajot/Documents/geonature/frontend/src/app/GN2CommonModule/form/media/medias.component.ts">
        <metrics statements="0" coveredstatements="0" conditionals="0" coveredconditionals="0" methods="0" coveredmethods="0"/>
      </file>
    </package>
    <package name="frontend.src.app.GN2CommonModule.form.multiselect">
      <metrics statements="0" coveredstatements="0" conditionals="0" coveredconditionals="0" methods="0" coveredmethods="0"/>
      <file name="multiselect.component.ts" path="/home/adrienpajot/Documents/geonature/frontend/src/app/GN2CommonModule/form/multiselect/multiselect.component.ts">
        <metrics statements="0" coveredstatements="0" conditionals="0" coveredconditionals="0" methods="0" coveredmethods="0"/>
      </file>
    </package>
    <package name="frontend.src.app.GN2CommonModule.form.municipalities">
      <metrics statements="0" coveredstatements="0" conditionals="0" coveredconditionals="0" methods="0" coveredmethods="0"/>
      <file name="municipalities.component.ts" path="/home/adrienpajot/Documents/geonature/frontend/src/app/GN2CommonModule/form/municipalities/municipalities.component.ts">
        <metrics statements="0" coveredstatements="0" conditionals="0" coveredconditionals="0" methods="0" coveredmethods="0"/>
      </file>
    </package>
    <package name="frontend.src.app.GN2CommonModule.form.nomenclature">
      <metrics statements="0" coveredstatements="0" conditionals="0" coveredconditionals="0" methods="0" coveredmethods="0"/>
      <file name="nomenclature.component.ts" path="/home/adrienpajot/Documents/geonature/frontend/src/app/GN2CommonModule/form/nomenclature/nomenclature.component.ts">
        <metrics statements="0" coveredstatements="0" conditionals="0" coveredconditionals="0" methods="0" coveredmethods="0"/>
      </file>
    </package>
    <package name="frontend.src.app.GN2CommonModule.form.observers">
      <metrics statements="0" coveredstatements="0" conditionals="0" coveredconditionals="0" methods="0" coveredmethods="0"/>
      <file name="observers.component.ts" path="/home/adrienpajot/Documents/geonature/frontend/src/app/GN2CommonModule/form/observers/observers.component.ts">
        <metrics statements="0" coveredstatements="0" conditionals="0" coveredconditionals="0" methods="0" coveredmethods="0"/>
      </file>
    </package>
    <package name="frontend.src.app.GN2CommonModule.form.observers-text">
      <metrics statements="0" coveredstatements="0" conditionals="0" coveredconditionals="0" methods="0" coveredmethods="0"/>
      <file name="observers-text.component.ts" path="/home/adrienpajot/Documents/geonature/frontend/src/app/GN2CommonModule/form/observers-text/observers-text.component.ts">
        <metrics statements="0" coveredstatements="0" conditionals="0" coveredconditionals="0" methods="0" coveredmethods="0"/>
      </file>
    </package>
    <package name="frontend.src.app.GN2CommonModule.form.synthese-form">
      <metrics statements="0" coveredstatements="0" conditionals="0" coveredconditionals="0" methods="0" coveredmethods="0"/>
      <file name="dynamicFormConfig.ts" path="/home/adrienpajot/Documents/geonature/frontend/src/app/GN2CommonModule/form/synthese-form/dynamicFormConfig.ts">
        <metrics statements="0" coveredstatements="0" conditionals="0" coveredconditionals="0" methods="0" coveredmethods="0"/>
      </file>
      <file name="synthese-data.service.ts" path="/home/adrienpajot/Documents/geonature/frontend/src/app/GN2CommonModule/form/synthese-form/synthese-data.service.ts">
        <metrics statements="0" coveredstatements="0" conditionals="0" coveredconditionals="0" methods="0" coveredmethods="0"/>
      </file>
      <file name="synthese-form.component.ts" path="/home/adrienpajot/Documents/geonature/frontend/src/app/GN2CommonModule/form/synthese-form/synthese-form.component.ts">
        <metrics statements="0" coveredstatements="0" conditionals="0" coveredconditionals="0" methods="0" coveredmethods="0"/>
      </file>
      <file name="synthese-form.service.ts" path="/home/adrienpajot/Documents/geonature/frontend/src/app/GN2CommonModule/form/synthese-form/synthese-form.service.ts">
        <metrics statements="0" coveredstatements="0" conditionals="0" coveredconditionals="0" methods="0" coveredmethods="0"/>
      </file>
      <file name="synthese-store.service.ts" path="/home/adrienpajot/Documents/geonature/frontend/src/app/GN2CommonModule/form/synthese-form/synthese-store.service.ts">
        <metrics statements="0" coveredstatements="0" conditionals="0" coveredconditionals="0" methods="0" coveredmethods="0"/>
      </file>
    </package>
    <package name="frontend.src.app.GN2CommonModule.form.synthese-form.advanced-form">
      <metrics statements="0" coveredstatements="0" conditionals="0" coveredconditionals="0" methods="0" coveredmethods="0"/>
      <file name="synthese-advanced-form-component.ts" path="/home/adrienpajot/Documents/geonature/frontend/src/app/GN2CommonModule/form/synthese-form/advanced-form/synthese-advanced-form-component.ts">
        <metrics statements="0" coveredstatements="0" conditionals="0" coveredconditionals="0" methods="0" coveredmethods="0"/>
      </file>
      <file name="synthese-advanced-form-store.service.ts" path="/home/adrienpajot/Documents/geonature/frontend/src/app/GN2CommonModule/form/synthese-form/advanced-form/synthese-advanced-form-store.service.ts">
        <metrics statements="0" coveredstatements="0" conditionals="0" coveredconditionals="0" methods="0" coveredmethods="0"/>
      </file>
    </package>
    <package name="frontend.src.app.GN2CommonModule.form.taxa">
      <metrics statements="0" coveredstatements="0" conditionals="0" coveredconditionals="0" methods="0" coveredmethods="0"/>
      <file name="taxa.component.ts" path="/home/adrienpajot/Documents/geonature/frontend/src/app/GN2CommonModule/form/taxa/taxa.component.ts">
        <metrics statements="0" coveredstatements="0" conditionals="0" coveredconditionals="0" methods="0" coveredmethods="0"/>
      </file>
    </package>
    <package name="frontend.src.app.GN2CommonModule.form.taxon-tree">
      <metrics statements="0" coveredstatements="0" conditionals="0" coveredconditionals="0" methods="0" coveredmethods="0"/>
      <file name="taxon-tree.component.ts" path="/home/adrienpajot/Documents/geonature/frontend/src/app/GN2CommonModule/form/taxon-tree/taxon-tree.component.ts">
        <metrics statements="0" coveredstatements="0" conditionals="0" coveredconditionals="0" methods="0" coveredmethods="0"/>
      </file>
      <file name="taxon-tree.service.ts" path="/home/adrienpajot/Documents/geonature/frontend/src/app/GN2CommonModule/form/taxon-tree/taxon-tree.service.ts">
        <metrics statements="0" coveredstatements="0" conditionals="0" coveredconditionals="0" methods="0" coveredmethods="0"/>
      </file>
    </package>
    <package name="frontend.src.app.GN2CommonModule.form.taxonomy">
      <metrics statements="0" coveredstatements="0" conditionals="0" coveredconditionals="0" methods="0" coveredmethods="0"/>
      <file name="taxonomy.component.ts" path="/home/adrienpajot/Documents/geonature/frontend/src/app/GN2CommonModule/form/taxonomy/taxonomy.component.ts">
        <metrics statements="0" coveredstatements="0" conditionals="0" coveredconditionals="0" methods="0" coveredmethods="0"/>
      </file>
    </package>
    <package name="frontend.src.app.GN2CommonModule.map">
      <metrics statements="0" coveredstatements="0" conditionals="0" coveredconditionals="0" methods="0" coveredmethods="0"/>
      <file name="leaflet-draw.options.ts" path="/home/adrienpajot/Documents/geonature/frontend/src/app/GN2CommonModule/map/leaflet-draw.options.ts">
        <metrics statements="0" coveredstatements="0" conditionals="0" coveredconditionals="0" methods="0" coveredmethods="0"/>
      </file>
      <file name="map.component.ts" path="/home/adrienpajot/Documents/geonature/frontend/src/app/GN2CommonModule/map/map.component.ts">
        <metrics statements="0" coveredstatements="0" conditionals="0" coveredconditionals="0" methods="0" coveredmethods="0"/>
      </file>
      <file name="map.service.ts" path="/home/adrienpajot/Documents/geonature/frontend/src/app/GN2CommonModule/map/map.service.ts">
        <metrics statements="0" coveredstatements="0" conditionals="0" coveredconditionals="0" methods="0" coveredmethods="0"/>
      </file>
    </package>
    <package name="frontend.src.app.GN2CommonModule.map-list">
      <metrics statements="0" coveredstatements="0" conditionals="0" coveredconditionals="0" methods="0" coveredmethods="0"/>
      <file name="map-list.component.ts" path="/home/adrienpajot/Documents/geonature/frontend/src/app/GN2CommonModule/map-list/map-list.component.ts">
        <metrics statements="0" coveredstatements="0" conditionals="0" coveredconditionals="0" methods="0" coveredmethods="0"/>
      </file>
      <file name="map-list.service.ts" path="/home/adrienpajot/Documents/geonature/frontend/src/app/GN2CommonModule/map-list/map-list.service.ts">
        <metrics statements="0" coveredstatements="0" conditionals="0" coveredconditionals="0" methods="0" coveredmethods="0"/>
      </file>
    </package>
    <package name="frontend.src.app.GN2CommonModule.map-list.generic-filters">
      <metrics statements="0" coveredstatements="0" conditionals="0" coveredconditionals="0" methods="0" coveredmethods="0"/>
      <file name="generic-filters.component.ts" path="/home/adrienpajot/Documents/geonature/frontend/src/app/GN2CommonModule/map-list/generic-filters/generic-filters.component.ts">
        <metrics statements="0" coveredstatements="0" conditionals="0" coveredconditionals="0" methods="0" coveredmethods="0"/>
      </file>
    </package>
    <package name="frontend.src.app.GN2CommonModule.map-list.map-data">
      <metrics statements="0" coveredstatements="0" conditionals="0" coveredconditionals="0" methods="0" coveredmethods="0"/>
      <file name="map-data.component.ts" path="/home/adrienpajot/Documents/geonature/frontend/src/app/GN2CommonModule/map-list/map-data/map-data.component.ts">
        <metrics statements="0" coveredstatements="0" conditionals="0" coveredconditionals="0" methods="0" coveredmethods="0"/>
      </file>
    </package>
    <package name="frontend.src.app.GN2CommonModule.map.filelayer">
      <metrics statements="0" coveredstatements="0" conditionals="0" coveredconditionals="0" methods="0" coveredmethods="0"/>
      <file name="filelayer.component.ts" path="/home/adrienpajot/Documents/geonature/frontend/src/app/GN2CommonModule/map/filelayer/filelayer.component.ts">
        <metrics statements="0" coveredstatements="0" conditionals="0" coveredconditionals="0" methods="0" coveredmethods="0"/>
      </file>
    </package>
    <package name="frontend.src.app.GN2CommonModule.map.geojson">
      <metrics statements="0" coveredstatements="0" conditionals="0" coveredconditionals="0" methods="0" coveredmethods="0"/>
      <file name="geojson.component.ts" path="/home/adrienpajot/Documents/geonature/frontend/src/app/GN2CommonModule/map/geojson/geojson.component.ts">
        <metrics statements="0" coveredstatements="0" conditionals="0" coveredconditionals="0" methods="0" coveredmethods="0"/>
      </file>
    </package>
    <package name="frontend.src.app.GN2CommonModule.map.gps">
      <metrics statements="0" coveredstatements="0" conditionals="0" coveredconditionals="0" methods="0" coveredmethods="0"/>
      <file name="gps.component.ts" path="/home/adrienpajot/Documents/geonature/frontend/src/app/GN2CommonModule/map/gps/gps.component.ts">
        <metrics statements="0" coveredstatements="0" conditionals="0" coveredconditionals="0" methods="0" coveredmethods="0"/>
      </file>
    </package>
    <package name="frontend.src.app.GN2CommonModule.map.leaflet-draw">
      <metrics statements="0" coveredstatements="0" conditionals="0" coveredconditionals="0" methods="0" coveredmethods="0"/>
      <file name="leaflet-draw.component.ts" path="/home/adrienpajot/Documents/geonature/frontend/src/app/GN2CommonModule/map/leaflet-draw/leaflet-draw.component.ts">
        <metrics statements="0" coveredstatements="0" conditionals="0" coveredconditionals="0" methods="0" coveredmethods="0"/>
      </file>
    </package>
    <package name="frontend.src.app.GN2CommonModule.map.marker">
      <metrics statements="0" coveredstatements="0" conditionals="0" coveredconditionals="0" methods="0" coveredmethods="0"/>
      <file name="marker.component.ts" path="/home/adrienpajot/Documents/geonature/frontend/src/app/GN2CommonModule/map/marker/marker.component.ts">
        <metrics statements="0" coveredstatements="0" conditionals="0" coveredconditionals="0" methods="0" coveredmethods="0"/>
      </file>
    </package>
    <package name="frontend.src.app.GN2CommonModule.map.overlays">
      <metrics statements="0" coveredstatements="0" conditionals="0" coveredconditionals="0" methods="0" coveredmethods="0"/>
      <file name="overlays.component.ts" path="/home/adrienpajot/Documents/geonature/frontend/src/app/GN2CommonModule/map/overlays/overlays.component.ts">
        <metrics statements="0" coveredstatements="0" conditionals="0" coveredconditionals="0" methods="0" coveredmethods="0"/>
      </file>
    </package>
    <package name="frontend.src.app.GN2CommonModule.map.places">
      <metrics statements="0" coveredstatements="0" conditionals="0" coveredconditionals="0" methods="0" coveredmethods="0"/>
      <file name="places.component.ts" path="/home/adrienpajot/Documents/geonature/frontend/src/app/GN2CommonModule/map/places/places.component.ts">
        <metrics statements="0" coveredstatements="0" conditionals="0" coveredconditionals="0" methods="0" coveredmethods="0"/>
      </file>
    </package>
    <package name="frontend.src.app.GN2CommonModule.map.placesList">
      <metrics statements="0" coveredstatements="0" conditionals="0" coveredconditionals="0" methods="0" coveredmethods="0"/>
      <file name="placesList.component.ts" path="/home/adrienpajot/Documents/geonature/frontend/src/app/GN2CommonModule/map/placesList/placesList.component.ts">
        <metrics statements="0" coveredstatements="0" conditionals="0" coveredconditionals="0" methods="0" coveredmethods="0"/>
      </file>
    </package>
    <package name="frontend.src.app.GN2CommonModule.others.breadcrumbs">
      <metrics statements="0" coveredstatements="0" conditionals="0" coveredconditionals="0" methods="0" coveredmethods="0"/>
      <file name="breadcrumb.interface.ts" path="/home/adrienpajot/Documents/geonature/frontend/src/app/GN2CommonModule/others/breadcrumbs/breadcrumb.interface.ts">
        <metrics statements="0" coveredstatements="0" conditionals="0" coveredconditionals="0" methods="0" coveredmethods="0"/>
      </file>
      <file name="breadcrumbs.component.ts" path="/home/adrienpajot/Documents/geonature/frontend/src/app/GN2CommonModule/others/breadcrumbs/breadcrumbs.component.ts">
        <metrics statements="0" coveredstatements="0" conditionals="0" coveredconditionals="0" methods="0" coveredmethods="0"/>
      </file>
    </package>
    <package name="frontend.src.app.GN2CommonModule.others.modal-confirmation">
      <metrics statements="0" coveredstatements="0" conditionals="0" coveredconditionals="0" methods="0" coveredmethods="0"/>
      <file name="confirmation.dialog.ts" path="/home/adrienpajot/Documents/geonature/frontend/src/app/GN2CommonModule/others/modal-confirmation/confirmation.dialog.ts">
        <metrics statements="0" coveredstatements="0" conditionals="0" coveredconditionals="0" methods="0" coveredmethods="0"/>
      </file>
    </package>
    <package name="frontend.src.app.GN2CommonModule.others.modal-download">
      <metrics statements="0" coveredstatements="0" conditionals="0" coveredconditionals="0" methods="0" coveredmethods="0"/>
      <file name="modal-download.component.ts" path="/home/adrienpajot/Documents/geonature/frontend/src/app/GN2CommonModule/others/modal-download/modal-download.component.ts">
        <metrics statements="0" coveredstatements="0" conditionals="0" coveredconditionals="0" methods="0" coveredmethods="0"/>
      </file>
    </package>
    <package name="frontend.src.app.GN2CommonModule.pipe">
      <metrics statements="0" coveredstatements="0" conditionals="0" coveredconditionals="0" methods="0" coveredmethods="0"/>
      <file name="readable-propertie.pipe.ts" path="/home/adrienpajot/Documents/geonature/frontend/src/app/GN2CommonModule/pipe/readable-propertie.pipe.ts">
        <metrics statements="0" coveredstatements="0" conditionals="0" coveredconditionals="0" methods="0" coveredmethods="0"/>
      </file>
      <file name="sanitizer.pipe.ts" path="/home/adrienpajot/Documents/geonature/frontend/src/app/GN2CommonModule/pipe/sanitizer.pipe.ts">
        <metrics statements="0" coveredstatements="0" conditionals="0" coveredconditionals="0" methods="0" coveredmethods="0"/>
      </file>
      <file name="strip-html.pipe.ts" path="/home/adrienpajot/Documents/geonature/frontend/src/app/GN2CommonModule/pipe/strip-html.pipe.ts">
        <metrics statements="0" coveredstatements="0" conditionals="0" coveredconditionals="0" methods="0" coveredmethods="0"/>
      </file>
    </package>
    <package name="frontend.src.app.GN2CommonModule.service">
      <metrics statements="0" coveredstatements="0" conditionals="0" coveredconditionals="0" methods="0" coveredmethods="0"/>
      <file name="common.service.ts" path="/home/adrienpajot/Documents/geonature/frontend/src/app/GN2CommonModule/service/common.service.ts">
        <metrics statements="0" coveredstatements="0" conditionals="0" coveredconditionals="0" methods="0" coveredmethods="0"/>
      </file>
      <file name="cruved-store.service.ts" path="/home/adrienpajot/Documents/geonature/frontend/src/app/GN2CommonModule/service/cruved-store.service.ts">
        <metrics statements="0" coveredstatements="0" conditionals="0" coveredconditionals="0" methods="0" coveredmethods="0"/>
      </file>
      <file name="media.service.ts" path="/home/adrienpajot/Documents/geonature/frontend/src/app/GN2CommonModule/service/media.service.ts">
        <metrics statements="0" coveredstatements="0" conditionals="0" coveredconditionals="0" methods="0" coveredmethods="0"/>
      </file>
    </package>
    <package name="frontend.src.app.adminModule">
      <metrics statements="0" coveredstatements="0" conditionals="0" coveredconditionals="0" methods="0" coveredmethods="0"/>
      <file name="admin.component.ts" path="/home/adrienpajot/Documents/geonature/frontend/src/app/adminModule/admin.component.ts">
        <metrics statements="0" coveredstatements="0" conditionals="0" coveredconditionals="0" methods="0" coveredmethods="0"/>
      </file>
      <file name="admin.module.ts" path="/home/adrienpajot/Documents/geonature/frontend/src/app/adminModule/admin.module.ts">
        <metrics statements="0" coveredstatements="0" conditionals="0" coveredconditionals="0" methods="0" coveredmethods="0"/>
      </file>
    </package>
    <package name="frontend.src.app.components.auth">
      <metrics statements="0" coveredstatements="0" conditionals="0" coveredconditionals="0" methods="0" coveredmethods="0"/>
      <file name="auth.service.ts" path="/home/adrienpajot/Documents/geonature/frontend/src/app/components/auth/auth.service.ts">
        <metrics statements="0" coveredstatements="0" conditionals="0" coveredconditionals="0" methods="0" coveredmethods="0"/>
      </file>
    </package>
    <package name="frontend.src.app.components.home-content">
      <metrics statements="0" coveredstatements="0" conditionals="0" coveredconditionals="0" methods="0" coveredmethods="0"/>
      <file name="home-content.component.ts" path="/home/adrienpajot/Documents/geonature/frontend/src/app/components/home-content/home-content.component.ts">
        <metrics statements="0" coveredstatements="0" conditionals="0" coveredconditionals="0" methods="0" coveredmethods="0"/>
      </file>
    </package>
    <package name="frontend.src.app.components.login">
      <metrics statements="0" coveredstatements="0" conditionals="0" coveredconditionals="0" methods="0" coveredmethods="0"/>
      <file name="login.component.ts" path="/home/adrienpajot/Documents/geonature/frontend/src/app/components/login/login.component.ts">
        <metrics statements="0" coveredstatements="0" conditionals="0" coveredconditionals="0" methods="0" coveredmethods="0"/>
      </file>
    </package>
    <package name="frontend.src.app.components.nav-home">
      <metrics statements="0" coveredstatements="0" conditionals="0" coveredconditionals="0" methods="0" coveredmethods="0"/>
      <file name="nav-home.component.ts" path="/home/adrienpajot/Documents/geonature/frontend/src/app/components/nav-home/nav-home.component.ts">
        <metrics statements="0" coveredstatements="0" conditionals="0" coveredconditionals="0" methods="0" coveredmethods="0"/>
      </file>
    </package>
    <package name="frontend.src.app.components.new-password">
      <metrics statements="0" coveredstatements="0" conditionals="0" coveredconditionals="0" methods="0" coveredmethods="0"/>
      <file name="new-password.component.ts" path="/home/adrienpajot/Documents/geonature/frontend/src/app/components/new-password/new-password.component.ts">
        <metrics statements="0" coveredstatements="0" conditionals="0" coveredconditionals="0" methods="0" coveredmethods="0"/>
      </file>
    </package>
    <package name="frontend.src.app.components.page-not-found">
      <metrics statements="0" coveredstatements="0" conditionals="0" coveredconditionals="0" methods="0" coveredmethods="0"/>
      <file name="page-not-found.component.ts" path="/home/adrienpajot/Documents/geonature/frontend/src/app/components/page-not-found/page-not-found.component.ts">
        <metrics statements="0" coveredstatements="0" conditionals="0" coveredconditionals="0" methods="0" coveredmethods="0"/>
      </file>
    </package>
    <package name="frontend.src.app.components.sidenav-items">
      <metrics statements="0" coveredstatements="0" conditionals="0" coveredconditionals="0" methods="0" coveredmethods="0"/>
      <file name="sidenav-items.component.ts" path="/home/adrienpajot/Documents/geonature/frontend/src/app/components/sidenav-items/sidenav-items.component.ts">
        <metrics statements="0" coveredstatements="0" conditionals="0" coveredconditionals="0" methods="0" coveredmethods="0"/>
      </file>
      <file name="sidenav-service.ts" path="/home/adrienpajot/Documents/geonature/frontend/src/app/components/sidenav-items/sidenav-service.ts">
        <metrics statements="0" coveredstatements="0" conditionals="0" coveredconditionals="0" methods="0" coveredmethods="0"/>
      </file>
    </package>
    <package name="frontend.src.app.components.sign-up">
      <metrics statements="0" coveredstatements="0" conditionals="0" coveredconditionals="0" methods="0" coveredmethods="0"/>
      <file name="sign-up.component.ts" path="/home/adrienpajot/Documents/geonature/frontend/src/app/components/sign-up/sign-up.component.ts">
        <metrics statements="0" coveredstatements="0" conditionals="0" coveredconditionals="0" methods="0" coveredmethods="0"/>
      </file>
    </package>
    <package name="frontend.src.app.metadataModule">
      <metrics statements="0" coveredstatements="0" conditionals="0" coveredconditionals="0" methods="0" coveredmethods="0"/>
      <file name="metadata-dataset.component.ts" path="/home/adrienpajot/Documents/geonature/frontend/src/app/metadataModule/metadata-dataset.component.ts">
        <metrics statements="0" coveredstatements="0" conditionals="0" coveredconditionals="0" methods="0" coveredmethods="0"/>
      </file>
      <file name="metadata.component.ts" path="/home/adrienpajot/Documents/geonature/frontend/src/app/metadataModule/metadata.component.ts">
        <metrics statements="0" coveredstatements="0" conditionals="0" coveredconditionals="0" methods="0" coveredmethods="0"/>
      </file>
      <file name="metadata.module.ts" path="/home/adrienpajot/Documents/geonature/frontend/src/app/metadataModule/metadata.module.ts">
        <metrics statements="0" coveredstatements="0" conditionals="0" coveredconditionals="0" methods="0" coveredmethods="0"/>
      </file>
    </package>
    <package name="frontend.src.app.metadataModule.actors">
      <metrics statements="0" coveredstatements="0" conditionals="0" coveredconditionals="0" methods="0" coveredmethods="0"/>
      <file name="actors.component.ts" path="/home/adrienpajot/Documents/geonature/frontend/src/app/metadataModule/actors/actors.component.ts">
        <metrics statements="0" coveredstatements="0" conditionals="0" coveredconditionals="0" methods="0" coveredmethods="0"/>
      </file>
    </package>
    <package name="frontend.src.app.metadataModule.af">
      <metrics statements="0" coveredstatements="0" conditionals="0" coveredconditionals="0" methods="0" coveredmethods="0"/>
      <file name="af-card.component.ts" path="/home/adrienpajot/Documents/geonature/frontend/src/app/metadataModule/af/af-card.component.ts">
        <metrics statements="0" coveredstatements="0" conditionals="0" coveredconditionals="0" methods="0" coveredmethods="0"/>
      </file>
      <file name="af-form.component.ts" path="/home/adrienpajot/Documents/geonature/frontend/src/app/metadataModule/af/af-form.component.ts">
        <metrics statements="0" coveredstatements="0" conditionals="0" coveredconditionals="0" methods="0" coveredmethods="0"/>
      </file>
    </package>
    <package name="frontend.src.app.metadataModule.datasets">
      <metrics statements="0" coveredstatements="0" conditionals="0" coveredconditionals="0" methods="0" coveredmethods="0"/>
      <file name="dataset-card.component.ts" path="/home/adrienpajot/Documents/geonature/frontend/src/app/metadataModule/datasets/dataset-card.component.ts">
        <metrics statements="0" coveredstatements="0" conditionals="0" coveredconditionals="0" methods="0" coveredmethods="0"/>
      </file>
      <file name="dataset-form.component.ts" path="/home/adrienpajot/Documents/geonature/frontend/src/app/metadataModule/datasets/dataset-form.component.ts">
        <metrics statements="0" coveredstatements="0" conditionals="0" coveredconditionals="0" methods="0" coveredmethods="0"/>
      </file>
    </package>
    <package name="frontend.src.app.metadataModule.services">
      <metrics statements="0" coveredstatements="0" conditionals="0" coveredconditionals="0" methods="0" coveredmethods="0"/>
      <file name="actor-form.service.ts" path="/home/adrienpajot/Documents/geonature/frontend/src/app/metadataModule/services/actor-form.service.ts">
        <metrics statements="0" coveredstatements="0" conditionals="0" coveredconditionals="0" methods="0" coveredmethods="0"/>
      </file>
      <file name="af-form.service.ts" path="/home/adrienpajot/Documents/geonature/frontend/src/app/metadataModule/services/af-form.service.ts">
        <metrics statements="0" coveredstatements="0" conditionals="0" coveredconditionals="0" methods="0" coveredmethods="0"/>
      </file>
      <file name="dataset-form.service.ts" path="/home/adrienpajot/Documents/geonature/frontend/src/app/metadataModule/services/dataset-form.service.ts">
        <metrics statements="0" coveredstatements="0" conditionals="0" coveredconditionals="0" methods="0" coveredmethods="0"/>
      </file>
      <file name="metadata-data.service.ts" path="/home/adrienpajot/Documents/geonature/frontend/src/app/metadataModule/services/metadata-data.service.ts">
        <metrics statements="0" coveredstatements="0" conditionals="0" coveredconditionals="0" methods="0" coveredmethods="0"/>
      </file>
      <file name="metadata-search-form.service.ts" path="/home/adrienpajot/Documents/geonature/frontend/src/app/metadataModule/services/metadata-search-form.service.ts">
        <metrics statements="0" coveredstatements="0" conditionals="0" coveredconditionals="0" methods="0" coveredmethods="0"/>
      </file>
      <file name="metadata.service.ts" path="/home/adrienpajot/Documents/geonature/frontend/src/app/metadataModule/services/metadata.service.ts">
        <metrics statements="0" coveredstatements="0" conditionals="0" coveredconditionals="0" methods="0" coveredmethods="0"/>
      </file>
    </package>
    <package name="frontend.src.app.routing">
      <metrics statements="0" coveredstatements="0" conditionals="0" coveredconditionals="0" methods="0" coveredmethods="0"/>
      <file name="app-routing.module.ts" path="/home/adrienpajot/Documents/geonature/frontend/src/app/routing/app-routing.module.ts">
        <metrics statements="0" coveredstatements="0" conditionals="0" coveredconditionals="0" methods="0" coveredmethods="0"/>
      </file>
      <file name="routes-guards.service.ts" path="/home/adrienpajot/Documents/geonature/frontend/src/app/routing/routes-guards.service.ts">
        <metrics statements="0" coveredstatements="0" conditionals="0" coveredconditionals="0" methods="0" coveredmethods="0"/>
      </file>
    </package>
    <package name="frontend.src.app.services">
      <metrics statements="0" coveredstatements="0" conditionals="0" coveredconditionals="0" methods="0" coveredmethods="0"/>
      <file name="global-sub.service.ts" path="/home/adrienpajot/Documents/geonature/frontend/src/app/services/global-sub.service.ts">
        <metrics statements="0" coveredstatements="0" conditionals="0" coveredconditionals="0" methods="0" coveredmethods="0"/>
      </file>
      <file name="http.interceptor.ts" path="/home/adrienpajot/Documents/geonature/frontend/src/app/services/http.interceptor.ts">
        <metrics statements="0" coveredstatements="0" conditionals="0" coveredconditionals="0" methods="0" coveredmethods="0"/>
      </file>
      <file name="module.service.ts" path="/home/adrienpajot/Documents/geonature/frontend/src/app/services/module.service.ts">
        <metrics statements="0" coveredstatements="0" conditionals="0" coveredconditionals="0" methods="0" coveredmethods="0"/>
      </file>
      <file name="unauthorized.interceptor.ts" path="/home/adrienpajot/Documents/geonature/frontend/src/app/services/unauthorized.interceptor.ts">
        <metrics statements="0" coveredstatements="0" conditionals="0" coveredconditionals="0" methods="0" coveredmethods="0"/>
      </file>
    </package>
    <package name="frontend.src.app.services.validators">
      <metrics statements="0" coveredstatements="0" conditionals="0" coveredconditionals="0" methods="0" coveredmethods="0"/>
      <file name="index.ts" path="/home/adrienpajot/Documents/geonature/frontend/src/app/services/validators/index.ts">
        <metrics statements="0" coveredstatements="0" conditionals="0" coveredconditionals="0" methods="0" coveredmethods="0"/>
      </file>
      <file name="validators.ts" path="/home/adrienpajot/Documents/geonature/frontend/src/app/services/validators/validators.ts">
        <metrics statements="0" coveredstatements="0" conditionals="0" coveredconditionals="0" methods="0" coveredmethods="0"/>
      </file>
    </package>
    <package name="frontend.src.app.shared.syntheseSharedModule">
      <metrics statements="0" coveredstatements="0" conditionals="0" coveredconditionals="0" methods="0" coveredmethods="0"/>
      <file name="synthese-shared.module.ts" path="/home/adrienpajot/Documents/geonature/frontend/src/app/shared/syntheseSharedModule/synthese-shared.module.ts">
        <metrics statements="0" coveredstatements="0" conditionals="0" coveredconditionals="0" methods="0" coveredmethods="0"/>
      </file>
    </package>
    <package name="frontend.src.app.shared.syntheseSharedModule.synthese-info-obs">
      <metrics statements="0" coveredstatements="0" conditionals="0" coveredconditionals="0" methods="0" coveredmethods="0"/>
      <file name="synthese-info-obs.component.ts" path="/home/adrienpajot/Documents/geonature/frontend/src/app/shared/syntheseSharedModule/synthese-info-obs/synthese-info-obs.component.ts">
        <metrics statements="0" coveredstatements="0" conditionals="0" coveredconditionals="0" methods="0" coveredmethods="0"/>
      </file>
    </package>
    <package name="frontend.src.app.syntheseModule">
      <metrics statements="0" coveredstatements="0" conditionals="0" coveredconditionals="0" methods="0" coveredmethods="0"/>
      <file name="synthese.component.ts" path="/home/adrienpajot/Documents/geonature/frontend/src/app/syntheseModule/synthese.component.ts">
        <metrics statements="0" coveredstatements="0" conditionals="0" coveredconditionals="0" methods="0" coveredmethods="0"/>
      </file>
      <file name="synthese.module.ts" path="/home/adrienpajot/Documents/geonature/frontend/src/app/syntheseModule/synthese.module.ts">
        <metrics statements="0" coveredstatements="0" conditionals="0" coveredconditionals="0" methods="0" coveredmethods="0"/>
      </file>
    </package>
    <package name="frontend.src.app.syntheseModule.services">
      <metrics statements="0" coveredstatements="0" conditionals="0" coveredconditionals="0" methods="0" coveredmethods="0"/>
      <file name="form.service.ts" path="/home/adrienpajot/Documents/geonature/frontend/src/app/syntheseModule/services/form.service.ts">
        <metrics statements="0" coveredstatements="0" conditionals="0" coveredconditionals="0" methods="0" coveredmethods="0"/>
      </file>
      <file name="store.service.ts" path="/home/adrienpajot/Documents/geonature/frontend/src/app/syntheseModule/services/store.service.ts">
        <metrics statements="0" coveredstatements="0" conditionals="0" coveredconditionals="0" methods="0" coveredmethods="0"/>
      </file>
    </package>
    <package name="frontend.src.app.syntheseModule.synthese-results.synthese-carte">
      <metrics statements="0" coveredstatements="0" conditionals="0" coveredconditionals="0" methods="0" coveredmethods="0"/>
      <file name="synthese-carte.component.ts" path="/home/adrienpajot/Documents/geonature/frontend/src/app/syntheseModule/synthese-results/synthese-carte/synthese-carte.component.ts">
        <metrics statements="0" coveredstatements="0" conditionals="0" coveredconditionals="0" methods="0" coveredmethods="0"/>
      </file>
    </package>
    <package name="frontend.src.app.syntheseModule.synthese-results.synthese-list">
      <metrics statements="0" coveredstatements="0" conditionals="0" coveredconditionals="0" methods="0" coveredmethods="0"/>
      <file name="synthese-list.component.ts" path="/home/adrienpajot/Documents/geonature/frontend/src/app/syntheseModule/synthese-results/synthese-list/synthese-list.component.ts">
        <metrics statements="0" coveredstatements="0" conditionals="0" coveredconditionals="0" methods="0" coveredmethods="0"/>
      </file>
    </package>
    <package name="frontend.src.app.syntheseModule.synthese-results.synthese-list.modal-download">
      <metrics statements="0" coveredstatements="0" conditionals="0" coveredconditionals="0" methods="0" coveredmethods="0"/>
      <file name="modal-download.component.ts" path="/home/adrienpajot/Documents/geonature/frontend/src/app/syntheseModule/synthese-results/synthese-list/modal-download/modal-download.component.ts">
        <metrics statements="0" coveredstatements="0" conditionals="0" coveredconditionals="0" methods="0" coveredmethods="0"/>
      </file>
    </package>
    <package name="frontend.src.app.syntheseModule.synthese-results.synthese-list.synthese-info-obs">
      <metrics statements="0" coveredstatements="0" conditionals="0" coveredconditionals="0" methods="0" coveredmethods="0"/>
      <file name="modal-info-obs.component.ts" path="/home/adrienpajot/Documents/geonature/frontend/src/app/syntheseModule/synthese-results/synthese-list/synthese-info-obs/modal-info-obs.component.ts">
        <metrics statements="0" coveredstatements="0" conditionals="0" coveredconditionals="0" methods="0" coveredmethods="0"/>
      </file>
    </package>
    <package name="frontend.src.app.syntheseModule.taxon-sheet">
      <metrics statements="0" coveredstatements="0" conditionals="0" coveredconditionals="0" methods="0" coveredmethods="0"/>
      <file name="taxon-sheet.component.ts" path="/home/adrienpajot/Documents/geonature/frontend/src/app/syntheseModule/taxon-sheet/taxon-sheet.component.ts">
        <metrics statements="0" coveredstatements="0" conditionals="0" coveredconditionals="0" methods="0" coveredmethods="0"/>
      </file>
    </package>
    <package name="frontend.src.app.templates.gn-panel">
      <metrics statements="0" coveredstatements="0" conditionals="0" coveredconditionals="0" methods="0" coveredmethods="0"/>
      <file name="gn-panel.component.ts" path="/home/adrienpajot/Documents/geonature/frontend/src/app/templates/gn-panel/gn-panel.component.ts">
        <metrics statements="0" coveredstatements="0" conditionals="0" coveredconditionals="0" methods="0" coveredmethods="0"/>
      </file>
      <file name="gn-panel.module.ts" path="/home/adrienpajot/Documents/geonature/frontend/src/app/templates/gn-panel/gn-panel.module.ts">
        <metrics statements="0" coveredstatements="0" conditionals="0" coveredconditionals="0" methods="0" coveredmethods="0"/>
      </file>
    </package>
    <package name="frontend.src.app.typings">
      <metrics statements="0" coveredstatements="0" conditionals="0" coveredconditionals="0" methods="0" coveredmethods="0"/>
      <file name="leaflet-draw.d.ts" path="/home/adrienpajot/Documents/geonature/frontend/src/app/typings/leaflet-draw.d.ts">
        <metrics statements="0" coveredstatements="0" conditionals="0" coveredconditionals="0" methods="0" coveredmethods="0"/>
      </file>
      <file name="require.d.ts" path="/home/adrienpajot/Documents/geonature/frontend/src/app/typings/require.d.ts">
        <metrics statements="0" coveredstatements="0" conditionals="0" coveredconditionals="0" methods="0" coveredmethods="0"/>
      </file>
    </package>
    <package name="frontend.src.app.userModule">
      <metrics statements="0" coveredstatements="0" conditionals="0" coveredconditionals="0" methods="0" coveredmethods="0"/>
      <file name="user.component.ts" path="/home/adrienpajot/Documents/geonature/frontend/src/app/userModule/user.component.ts">
        <metrics statements="0" coveredstatements="0" conditionals="0" coveredconditionals="0" methods="0" coveredmethods="0"/>
      </file>
      <file name="user.module.ts" path="/home/adrienpajot/Documents/geonature/frontend/src/app/userModule/user.module.ts">
        <metrics statements="0" coveredstatements="0" conditionals="0" coveredconditionals="0" methods="0" coveredmethods="0"/>
      </file>
    </package>
    <package name="frontend.src.app.userModule.password">
      <metrics statements="0" coveredstatements="0" conditionals="0" coveredconditionals="0" methods="0" coveredmethods="0"/>
      <file name="password.component.ts" path="/home/adrienpajot/Documents/geonature/frontend/src/app/userModule/password/password.component.ts">
        <metrics statements="0" coveredstatements="0" conditionals="0" coveredconditionals="0" methods="0" coveredmethods="0"/>
      </file>
    </package>
    <package name="frontend.src.app.userModule.services">
      <metrics statements="0" coveredstatements="0" conditionals="0" coveredconditionals="0" methods="0" coveredmethods="0"/>
      <file name="form.service.ts" path="/home/adrienpajot/Documents/geonature/frontend/src/app/userModule/services/form.service.ts">
        <metrics statements="0" coveredstatements="0" conditionals="0" coveredconditionals="0" methods="0" coveredmethods="0"/>
      </file>
      <file name="index.ts" path="/home/adrienpajot/Documents/geonature/frontend/src/app/userModule/services/index.ts">
        <metrics statements="0" coveredstatements="0" conditionals="0" coveredconditionals="0" methods="0" coveredmethods="0"/>
      </file>
      <file name="user-data.service.ts" path="/home/adrienpajot/Documents/geonature/frontend/src/app/userModule/services/user-data.service.ts">
        <metrics statements="0" coveredstatements="0" conditionals="0" coveredconditionals="0" methods="0" coveredmethods="0"/>
      </file>
    </package>
    <package name="frontend.src.app.utils">
      <metrics statements="0" coveredstatements="0" conditionals="0" coveredconditionals="0" methods="0" coveredmethods="0"/>
      <file name="filelayer.js" path="/home/adrienpajot/Documents/geonature/frontend/src/app/utils/filelayer.js">
        <metrics statements="0" coveredstatements="0" conditionals="0" coveredconditionals="0" methods="0" coveredmethods="0"/>
      </file>
      <file name="leaflet-icon.js" path="/home/adrienpajot/Documents/geonature/frontend/src/app/utils/leaflet-icon.js">
        <metrics statements="0" coveredstatements="0" conditionals="0" coveredconditionals="0" methods="0" coveredmethods="0"/>
      </file>
    </package>
    <package name="frontend.src.conf">
      <metrics statements="0" coveredstatements="0" conditionals="0" coveredconditionals="0" methods="0" coveredmethods="0"/>
      <file name="app.config.ts" path="/home/adrienpajot/Documents/geonature/frontend/src/conf/app.config.ts">
        <metrics statements="0" coveredstatements="0" conditionals="0" coveredconditionals="0" methods="0" coveredmethods="0"/>
      </file>
    </package>
    <package name="frontend.src.custom.components.footer">
      <metrics statements="0" coveredstatements="0" conditionals="0" coveredconditionals="0" methods="0" coveredmethods="0"/>
      <file name="footer.component.ts" path="/home/adrienpajot/Documents/geonature/frontend/src/custom/components/footer/footer.component.ts">
        <metrics statements="0" coveredstatements="0" conditionals="0" coveredconditionals="0" methods="0" coveredmethods="0"/>
      </file>
    </package>
    <package name="frontend.src.custom.components.introduction">
      <metrics statements="0" coveredstatements="0" conditionals="0" coveredconditionals="0" methods="0" coveredmethods="0"/>
      <file name="introduction.component.ts" path="/home/adrienpajot/Documents/geonature/frontend/src/custom/components/introduction/introduction.component.ts">
        <metrics statements="0" coveredstatements="0" conditionals="0" coveredconditionals="0" methods="0" coveredmethods="0"/>
      </file>
    </package>
    <package name="frontend.src.environments">
      <metrics statements="0" coveredstatements="0" conditionals="0" coveredconditionals="0" methods="0" coveredmethods="0"/>
      <file name="environment.prod.ts" path="/home/adrienpajot/Documents/geonature/frontend/src/environments/environment.prod.ts">
        <metrics statements="0" coveredstatements="0" conditionals="0" coveredconditionals="0" methods="0" coveredmethods="0"/>
      </file>
      <file name="environment.ts" path="/home/adrienpajot/Documents/geonature/frontend/src/environments/environment.ts">
        <metrics statements="0" coveredstatements="0" conditionals="0" coveredconditionals="0" methods="0" coveredmethods="0"/>
      </file>
    </package>
  </project>
</coverage>
